<?xml version="1.0" encoding="UTF-8"?>
<testsuite xmlns:xsi="http://www.w3.org/2001/XMLSchema-instance" xsi:noNamespaceSchemaLocation="https://maven.apache.org/surefire/maven-surefire-plugin/xsd/surefire-test-report.xsd" name="TestSuite" time="18.824" tests="1" errors="0" skipped="0" failures="1">
  <properties>
[...]
</properties>
  <testcase name="feature" classname="TestRunner.CucumberRunner" time="3.121">
    <failure message="java.lang.AssertionError: 1 expectation failed.&#10;Expected status code &lt;200&gt; but was &lt;400&gt;.&#10;" type="cucumber.runtime.CucumberException"><![CDATA[cucumber.runtime.CucumberException: 
java.lang.AssertionError: 1 expectation failed.
Expected status code <200> but was <400>.

Caused by: java.lang.AssertionError: 
1 expectation failed.
Expected status code <200> but was <400>.

]]></failure>
    <system-out><![CDATA[
Body:
{
    "first_name": "",
    "last_name": "",
    "address_line1": "",
    "city": "",
    "state": "",
    "zip": ""
}
{
    "status": "FAIL",
    "message": "Bad Request"
}
response: {
    "status": "FAIL",
    "message": "Bad Request"
}
WE Customer Calls Summary API with  Address to get the Profile details
]]></system-out>
  </testcase>
</testsuite>